<?xml version="1.0" encoding="UTF-8"?>
<testsuites>
  <testsuite name="CodeIgniter Application Test Suite" tests="3" assertions="3" failures="0" errors="0" time="1.315520">
    <testsuite name="Welcome_test" file="D:\#Development\#Github\codeigniter-starterkit\application\tests\controllers\Welcome_test.php" fullPackage="Welcome" tests="3" assertions="3" failures="0" errors="0" time="1.315520">
      <testcase name="test_index" class="Welcome_test" file="D:\#Development\#Github\codeigniter-starterkit\application\tests\controllers\Welcome_test.php" line="13" assertions="1" time="0.470201"/>
      <testcase name="test_method_404" class="Welcome_test" file="D:\#Development\#Github\codeigniter-starterkit\application\tests\controllers\Welcome_test.php" line="19" assertions="1" time="0.130527"/>
      <testcase name="test_APPPATH" class="Welcome_test" file="D:\#Development\#Github\codeigniter-starterkit\application\tests\controllers\Welcome_test.php" line="25" assertions="1" time="0.714792"/>
    </testsuite>
  </testsuite>
</testsuites>
